ERROR - 2022-05-18 07:05:43 --> Table 'orders' already exists
CRITICAL - 2022-05-18 07:51:50 --> Call to undefined method CodeIgniter\View\View::hasSection()
#0 D:\Application\Project\PHP\Codeigniter\CI - 4 Sistem Informasi Penjualan Ayam Potong Santu\system\View\View.php(210): include()
#1 D:\Application\Project\PHP\Codeigniter\CI - 4 Sistem Informasi Penjualan Ayam Potong Santu\system\View\View.php(213): CodeIgniter\View\View->CodeIgniter\View\{closure}()
#2 D:\Application\Project\PHP\Codeigniter\CI - 4 Sistem Informasi Penjualan Ayam Potong Santu\system\Common.php(1089): CodeIgniter\View\View->render('layouts/admin/a...', Array, true)
#3 D:\Application\Project\PHP\Codeigniter\CI - 4 Sistem Informasi Penjualan Ayam Potong Santu\app\Controllers\Home.php(9): view('layouts/admin/a...')
#4 D:\Application\Project\PHP\Codeigniter\CI - 4 Sistem Informasi Penjualan Ayam Potong Santu\system\CodeIgniter.php(832): App\Controllers\Home->index()
#5 D:\Application\Project\PHP\Codeigniter\CI - 4 Sistem Informasi Penjualan Ayam Potong Santu\system\CodeIgniter.php(419): CodeIgniter\CodeIgniter->runController(Object(App\Controllers\Home))
#6 D:\Application\Project\PHP\Codeigniter\CI - 4 Sistem Informasi Penjualan Ayam Potong Santu\system\CodeIgniter.php(326): CodeIgniter\CodeIgniter->handleRequest(NULL, Object(Config\Cache), false)
#7 D:\Application\Project\PHP\Codeigniter\CI - 4 Sistem Informasi Penjualan Ayam Potong Santu\public\index.php(37): CodeIgniter\CodeIgniter->run()
#8 D:\Application\Project\PHP\Codeigniter\CI - 4 Sistem Informasi Penjualan Ayam Potong Santu\system\Commands\Server\rewrite.php(43): require_once('D:\\Application\\...')
#9 {main}
CRITICAL - 2022-05-18 08:12:11 --> CodeIgniter\Router\RouteCollection::resource(): Argument #2 ($options) must be of type ?array, string given, called in D:\Application\Project\PHP\Codeigniter\CI - 4 Sistem Informasi Penjualan Ayam Potong Santu\app\Config\Routes.php on line 36
#0 D:\Application\Project\PHP\Codeigniter\CI - 4 Sistem Informasi Penjualan Ayam Potong Santu\app\Config\Routes.php(36): CodeIgniter\Router\RouteCollection->resource('products', 'Admin\\ProductCo...')
#1 D:\Application\Project\PHP\Codeigniter\CI - 4 Sistem Informasi Penjualan Ayam Potong Santu\system\Router\RouteCollection.php(607): CodeIgniter\CodeIgniter->Config\{closure}(Object(CodeIgniter\Router\RouteCollection))
#2 D:\Application\Project\PHP\Codeigniter\CI - 4 Sistem Informasi Penjualan Ayam Potong Santu\app\Config\Routes.php(37): CodeIgniter\Router\RouteCollection->group('admin', Object(Closure))
#3 D:\Application\Project\PHP\Codeigniter\CI - 4 Sistem Informasi Penjualan Ayam Potong Santu\system\CodeIgniter.php(713): require('D:\\Application\\...')
#4 D:\Application\Project\PHP\Codeigniter\CI - 4 Sistem Informasi Penjualan Ayam Potong Santu\system\CodeIgniter.php(368): CodeIgniter\CodeIgniter->tryToRouteIt(Object(CodeIgniter\Router\RouteCollection))
#5 D:\Application\Project\PHP\Codeigniter\CI - 4 Sistem Informasi Penjualan Ayam Potong Santu\system\CodeIgniter.php(326): CodeIgniter\CodeIgniter->handleRequest(NULL, Object(Config\Cache), false)
#6 D:\Application\Project\PHP\Codeigniter\CI - 4 Sistem Informasi Penjualan Ayam Potong Santu\public\index.php(37): CodeIgniter\CodeIgniter->run()
#7 D:\Application\Project\PHP\Codeigniter\CI - 4 Sistem Informasi Penjualan Ayam Potong Santu\system\Commands\Server\rewrite.php(43): require_once('D:\\Application\\...')
#8 {main}
CRITICAL - 2022-05-18 08:36:25 --> Call to undefined method App\Models\Product::where()
#0 D:\Application\Project\PHP\Codeigniter\CI - 4 Sistem Informasi Penjualan Ayam Potong Santu\system\CodeIgniter.php(832): App\Controllers\Admin\ProductController->index()
#1 D:\Application\Project\PHP\Codeigniter\CI - 4 Sistem Informasi Penjualan Ayam Potong Santu\system\CodeIgniter.php(419): CodeIgniter\CodeIgniter->runController(Object(App\Controllers\Admin\ProductController))
#2 D:\Application\Project\PHP\Codeigniter\CI - 4 Sistem Informasi Penjualan Ayam Potong Santu\system\CodeIgniter.php(326): CodeIgniter\CodeIgniter->handleRequest(NULL, Object(Config\Cache), false)
#3 D:\Application\Project\PHP\Codeigniter\CI - 4 Sistem Informasi Penjualan Ayam Potong Santu\public\index.php(37): CodeIgniter\CodeIgniter->run()
#4 D:\Application\Project\PHP\Codeigniter\CI - 4 Sistem Informasi Penjualan Ayam Potong Santu\system\Commands\Server\rewrite.php(43): require_once('D:\\Application\\...')
#5 {main}
CRITICAL - 2022-05-18 09:01:59 --> Call to undefined function format_price()
#0 D:\Application\Project\PHP\Codeigniter\CI - 4 Sistem Informasi Penjualan Ayam Potong Santu\system\View\View.php(210): include()
#1 D:\Application\Project\PHP\Codeigniter\CI - 4 Sistem Informasi Penjualan Ayam Potong Santu\system\View\View.php(213): CodeIgniter\View\View->CodeIgniter\View\{closure}()
#2 D:\Application\Project\PHP\Codeigniter\CI - 4 Sistem Informasi Penjualan Ayam Potong Santu\system\Common.php(1089): CodeIgniter\View\View->render('admin/pages/pro...', Array, true)
#3 D:\Application\Project\PHP\Codeigniter\CI - 4 Sistem Informasi Penjualan Ayam Potong Santu\app\Controllers\Admin\ProductController.php(14): view('admin/pages/pro...', Array)
#4 D:\Application\Project\PHP\Codeigniter\CI - 4 Sistem Informasi Penjualan Ayam Potong Santu\system\CodeIgniter.php(832): App\Controllers\Admin\ProductController->index()
#5 D:\Application\Project\PHP\Codeigniter\CI - 4 Sistem Informasi Penjualan Ayam Potong Santu\system\CodeIgniter.php(419): CodeIgniter\CodeIgniter->runController(Object(App\Controllers\Admin\ProductController))
#6 D:\Application\Project\PHP\Codeigniter\CI - 4 Sistem Informasi Penjualan Ayam Potong Santu\system\CodeIgniter.php(326): CodeIgniter\CodeIgniter->handleRequest(NULL, Object(Config\Cache), false)
#7 D:\Application\Project\PHP\Codeigniter\CI - 4 Sistem Informasi Penjualan Ayam Potong Santu\public\index.php(37): CodeIgniter\CodeIgniter->run()
#8 D:\Application\Project\PHP\Codeigniter\CI - 4 Sistem Informasi Penjualan Ayam Potong Santu\system\Commands\Server\rewrite.php(43): require_once('D:\\Application\\...')
#9 {main}
CRITICAL - 2022-05-18 09:03:18 --> Call to undefined function format_price()
#0 D:\Application\Project\PHP\Codeigniter\CI - 4 Sistem Informasi Penjualan Ayam Potong Santu\system\View\View.php(210): include()
#1 D:\Application\Project\PHP\Codeigniter\CI - 4 Sistem Informasi Penjualan Ayam Potong Santu\system\View\View.php(213): CodeIgniter\View\View->CodeIgniter\View\{closure}()
#2 D:\Application\Project\PHP\Codeigniter\CI - 4 Sistem Informasi Penjualan Ayam Potong Santu\system\Common.php(1089): CodeIgniter\View\View->render('admin/pages/pro...', Array, true)
#3 D:\Application\Project\PHP\Codeigniter\CI - 4 Sistem Informasi Penjualan Ayam Potong Santu\app\Controllers\Admin\ProductController.php(14): view('admin/pages/pro...', Array)
#4 D:\Application\Project\PHP\Codeigniter\CI - 4 Sistem Informasi Penjualan Ayam Potong Santu\system\CodeIgniter.php(832): App\Controllers\Admin\ProductController->index()
#5 D:\Application\Project\PHP\Codeigniter\CI - 4 Sistem Informasi Penjualan Ayam Potong Santu\system\CodeIgniter.php(419): CodeIgniter\CodeIgniter->runController(Object(App\Controllers\Admin\ProductController))
#6 D:\Application\Project\PHP\Codeigniter\CI - 4 Sistem Informasi Penjualan Ayam Potong Santu\system\CodeIgniter.php(326): CodeIgniter\CodeIgniter->handleRequest(NULL, Object(Config\Cache), false)
#7 D:\Application\Project\PHP\Codeigniter\CI - 4 Sistem Informasi Penjualan Ayam Potong Santu\public\index.php(37): CodeIgniter\CodeIgniter->run()
#8 D:\Application\Project\PHP\Codeigniter\CI - 4 Sistem Informasi Penjualan Ayam Potong Santu\system\Commands\Server\rewrite.php(43): require_once('D:\\Application\\...')
#9 {main}
CRITICAL - 2022-05-18 09:06:43 --> Call to undefined function format_price()
#0 D:\Application\Project\PHP\Codeigniter\CI - 4 Sistem Informasi Penjualan Ayam Potong Santu\system\View\View.php(210): include()
#1 D:\Application\Project\PHP\Codeigniter\CI - 4 Sistem Informasi Penjualan Ayam Potong Santu\system\View\View.php(213): CodeIgniter\View\View->CodeIgniter\View\{closure}()
#2 D:\Application\Project\PHP\Codeigniter\CI - 4 Sistem Informasi Penjualan Ayam Potong Santu\system\Common.php(1089): CodeIgniter\View\View->render('admin/pages/pro...', Array, true)
#3 D:\Application\Project\PHP\Codeigniter\CI - 4 Sistem Informasi Penjualan Ayam Potong Santu\app\Controllers\Admin\ProductController.php(14): view('admin/pages/pro...', Array)
#4 D:\Application\Project\PHP\Codeigniter\CI - 4 Sistem Informasi Penjualan Ayam Potong Santu\system\CodeIgniter.php(832): App\Controllers\Admin\ProductController->index()
#5 D:\Application\Project\PHP\Codeigniter\CI - 4 Sistem Informasi Penjualan Ayam Potong Santu\system\CodeIgniter.php(419): CodeIgniter\CodeIgniter->runController(Object(App\Controllers\Admin\ProductController))
#6 D:\Application\Project\PHP\Codeigniter\CI - 4 Sistem Informasi Penjualan Ayam Potong Santu\system\CodeIgniter.php(326): CodeIgniter\CodeIgniter->handleRequest(NULL, Object(Config\Cache), false)
#7 D:\Application\Project\PHP\Codeigniter\CI - 4 Sistem Informasi Penjualan Ayam Potong Santu\public\index.php(37): CodeIgniter\CodeIgniter->run()
#8 D:\Application\Project\PHP\Codeigniter\CI - 4 Sistem Informasi Penjualan Ayam Potong Santu\system\Commands\Server\rewrite.php(43): require_once('D:\\Application\\...')
#9 {main}
